[06-Aug-2025 09:22:53 UTC] Manage Pricing page accessed at 2025-08-06 09:22:53
[06-Aug-2025 09:22:53 UTC] Pricing data retrieved successfully
[06-Aug-2025 09:37:39 UTC] Manage Pricing page accessed at 2025-08-06 09:37:39
[06-Aug-2025 09:37:39 UTC] Pricing data retrieved successfully
[06-Aug-2025 09:41:31 UTC] Manage Pricing page accessed at 2025-08-06 09:41:31
[06-Aug-2025 09:41:31 UTC] Pricing data retrieved successfully
[06-Aug-2025 09:43:15 UTC] Manage Pricing page accessed at 2025-08-06 09:43:15
[06-Aug-2025 09:43:15 UTC] Pricing data retrieved successfully
[06-Aug-2025 09:44:58 UTC] Manage Pricing page accessed at 2025-08-06 09:44:58
[06-Aug-2025 09:44:58 UTC] Pricing data retrieved successfully
[06-Aug-2025 09:44:59 UTC] Manage Pricing page accessed at 2025-08-06 09:44:59
[06-Aug-2025 09:44:59 UTC] Pricing data retrieved successfully
[06-Aug-2025 09:45:05 UTC] Manage Pricing page accessed at 2025-08-06 09:45:05
[06-Aug-2025 09:45:05 UTC] Pricing plan status toggled: ID 1
[06-Aug-2025 09:45:05 UTC] Manage Pricing page accessed at 2025-08-06 09:45:05
[06-Aug-2025 09:45:05 UTC] Pricing data retrieved successfully
[06-Aug-2025 09:46:13 UTC] Manage Pricing page accessed at 2025-08-06 09:46:13
[06-Aug-2025 09:46:14 UTC] Pricing plan status toggled: ID 1
[06-Aug-2025 09:46:14 UTC] Manage Pricing page accessed at 2025-08-06 09:46:14
[06-Aug-2025 09:46:14 UTC] Pricing data retrieved successfully
[06-Aug-2025 09:46:24 UTC] Manage Pricing page accessed at 2025-08-06 09:46:24
[06-Aug-2025 09:46:24 UTC] Pricing plan popular status toggled: ID 3
[06-Aug-2025 09:46:24 UTC] Manage Pricing page accessed at 2025-08-06 09:46:24
[06-Aug-2025 09:46:24 UTC] Pricing data retrieved successfully
[06-Aug-2025 09:46:29 UTC] Manage Pricing page accessed at 2025-08-06 09:46:29
[06-Aug-2025 09:46:29 UTC] Pricing plan popular status toggled: ID 3
[06-Aug-2025 09:46:29 UTC] Manage Pricing page accessed at 2025-08-06 09:46:29
[06-Aug-2025 09:46:29 UTC] Pricing data retrieved successfully
[06-Aug-2025 09:47:53 UTC] Manage Pricing page accessed at 2025-08-06 09:47:53
[06-Aug-2025 09:47:53 UTC] Pricing data retrieved successfully
[06-Aug-2025 09:47:56 UTC] Manage Pricing page accessed at 2025-08-06 09:47:56
[06-Aug-2025 09:47:56 UTC] Pricing data retrieved successfully
[06-Aug-2025 09:48:40 UTC] Manage Pricing page accessed at 2025-08-06 09:48:40
[06-Aug-2025 09:48:40 UTC] Pricing data retrieved successfully
[06-Aug-2025 09:48:43 UTC] Manage Pricing page accessed at 2025-08-06 09:48:43
[06-Aug-2025 09:48:43 UTC] Pricing plan popular status toggled: ID 1
[06-Aug-2025 09:48:43 UTC] Manage Pricing page accessed at 2025-08-06 09:48:43
[06-Aug-2025 09:48:43 UTC] Pricing data retrieved successfully
[06-Aug-2025 09:48:46 UTC] Manage Pricing page accessed at 2025-08-06 09:48:46
[06-Aug-2025 09:48:46 UTC] Pricing plan popular status toggled: ID 1
[06-Aug-2025 09:48:46 UTC] Manage Pricing page accessed at 2025-08-06 09:48:46
[06-Aug-2025 09:48:46 UTC] Pricing data retrieved successfully
[06-Aug-2025 09:49:21 UTC] Manage Pricing page accessed at 2025-08-06 09:49:21
[06-Aug-2025 09:49:21 UTC] Pricing data retrieved successfully
[06-Aug-2025 09:49:22 UTC] Manage Pricing page accessed at 2025-08-06 09:49:22
[06-Aug-2025 09:49:22 UTC] Pricing data retrieved successfully
[06-Aug-2025 09:54:40 UTC] Manage Pricing page accessed at 2025-08-06 09:54:40
[06-Aug-2025 09:54:40 UTC] Pricing data retrieved successfully
[06-Aug-2025 09:57:57 UTC] Manage Pricing page accessed at 2025-08-06 09:57:57
[06-Aug-2025 09:57:57 UTC] Pricing data retrieved successfully
[06-Aug-2025 09:58:03 UTC] Manage Pricing page accessed at 2025-08-06 09:58:03
[06-Aug-2025 09:58:03 UTC] Pricing data retrieved successfully
[06-Aug-2025 09:58:09 UTC] Manage Pricing page accessed at 2025-08-06 09:58:09
[06-Aug-2025 09:58:09 UTC] Pricing plan status toggled: ID 1
[06-Aug-2025 09:58:09 UTC] Manage Pricing page accessed at 2025-08-06 09:58:09
[06-Aug-2025 09:58:09 UTC] Pricing data retrieved successfully
[06-Aug-2025 09:58:19 UTC] Manage Pricing page accessed at 2025-08-06 09:58:19
[06-Aug-2025 09:58:19 UTC] Pricing data retrieved successfully
[06-Aug-2025 09:58:20 UTC] Manage Pricing page accessed at 2025-08-06 09:58:20
[06-Aug-2025 09:58:20 UTC] Pricing plan status toggled: ID 1
[06-Aug-2025 09:58:20 UTC] Manage Pricing page accessed at 2025-08-06 09:58:20
[06-Aug-2025 09:58:20 UTC] Pricing data retrieved successfully
[06-Aug-2025 09:59:58 UTC] Manage Pricing page accessed at 2025-08-06 09:59:58
[06-Aug-2025 09:59:58 UTC] Pricing data retrieved successfully
[06-Aug-2025 10:00:09 UTC] Manage Pricing page accessed at 2025-08-06 10:00:09
[06-Aug-2025 10:00:09 UTC] Pricing data retrieved successfully
[06-Aug-2025 10:00:13 UTC] Manage Pricing page accessed at 2025-08-06 10:00:13
[06-Aug-2025 10:00:13 UTC] Pricing plan status toggled: ID 1
[06-Aug-2025 10:00:13 UTC] Manage Pricing page accessed at 2025-08-06 10:00:13
[06-Aug-2025 10:00:13 UTC] Pricing data retrieved successfully
[06-Aug-2025 10:00:14 UTC] Manage Pricing page accessed at 2025-08-06 10:00:14
[06-Aug-2025 10:00:14 UTC] Pricing data retrieved successfully
[06-Aug-2025 10:00:18 UTC] Manage Pricing page accessed at 2025-08-06 10:00:18
[06-Aug-2025 10:00:18 UTC] Pricing data retrieved successfully
[06-Aug-2025 10:00:19 UTC] Manage Pricing page accessed at 2025-08-06 10:00:19
[06-Aug-2025 10:00:19 UTC] Pricing data retrieved successfully
[06-Aug-2025 10:00:20 UTC] Manage Pricing page accessed at 2025-08-06 10:00:20
[06-Aug-2025 10:00:20 UTC] Pricing plan status toggled: ID 1
[06-Aug-2025 10:00:20 UTC] Manage Pricing page accessed at 2025-08-06 10:00:20
[06-Aug-2025 10:00:20 UTC] Pricing data retrieved successfully
[06-Aug-2025 10:00:21 UTC] Manage Pricing page accessed at 2025-08-06 10:00:21
[06-Aug-2025 10:00:21 UTC] Pricing data retrieved successfully
[06-Aug-2025 10:01:42 UTC] Manage Pricing page accessed at 2025-08-06 10:01:42
[06-Aug-2025 10:01:42 UTC] Pricing data retrieved successfully
[06-Aug-2025 10:01:48 UTC] Manage Pricing page accessed at 2025-08-06 10:01:48
[06-Aug-2025 10:01:48 UTC] Pricing data retrieved successfully
[06-Aug-2025 10:01:49 UTC] Manage Pricing page accessed at 2025-08-06 10:01:49
[06-Aug-2025 10:01:49 UTC] Pricing plan status toggled: ID 1
[06-Aug-2025 10:01:49 UTC] Manage Pricing page accessed at 2025-08-06 10:01:49
[06-Aug-2025 10:01:49 UTC] Pricing data retrieved successfully
[06-Aug-2025 10:01:51 UTC] Manage Pricing page accessed at 2025-08-06 10:01:51
[06-Aug-2025 10:01:51 UTC] Pricing data retrieved successfully
[06-Aug-2025 10:01:54 UTC] Manage Pricing page accessed at 2025-08-06 10:01:54
[06-Aug-2025 10:01:54 UTC] Pricing plan status toggled: ID 1
[06-Aug-2025 10:01:54 UTC] Manage Pricing page accessed at 2025-08-06 10:01:54
[06-Aug-2025 10:01:54 UTC] Pricing data retrieved successfully
[06-Aug-2025 10:02:17 UTC] Manage Pricing page accessed at 2025-08-06 10:02:17
[06-Aug-2025 10:02:17 UTC] Pricing data retrieved successfully
[06-Aug-2025 10:02:17 UTC] Manage Pricing page accessed at 2025-08-06 10:02:17
[06-Aug-2025 10:02:17 UTC] Pricing data retrieved successfully
[06-Aug-2025 10:02:18 UTC] Manage Pricing page accessed at 2025-08-06 10:02:18
[06-Aug-2025 10:02:18 UTC] Pricing data retrieved successfully
[06-Aug-2025 10:02:18 UTC] Manage Pricing page accessed at 2025-08-06 10:02:18
[06-Aug-2025 10:02:18 UTC] Pricing data retrieved successfully
[06-Aug-2025 10:02:24 UTC] Manage Pricing page accessed at 2025-08-06 10:02:24
[06-Aug-2025 10:02:24 UTC] Pricing data retrieved successfully
[06-Aug-2025 10:02:30 UTC] Manage Pricing page accessed at 2025-08-06 10:02:30
[06-Aug-2025 10:02:30 UTC] Pricing plan status toggled: ID 3
[06-Aug-2025 10:02:30 UTC] Manage Pricing page accessed at 2025-08-06 10:02:30
[06-Aug-2025 10:02:30 UTC] Pricing data retrieved successfully
[06-Aug-2025 10:04:46 UTC] Manage Pricing page accessed at 2025-08-06 10:04:46
[06-Aug-2025 10:04:46 UTC] Pricing data retrieved successfully
[06-Aug-2025 10:04:52 UTC] Manage Pricing page accessed at 2025-08-06 10:04:52
[06-Aug-2025 10:04:52 UTC] Pricing data retrieved successfully
[06-Aug-2025 10:04:54 UTC] Manage Pricing page accessed at 2025-08-06 10:04:54
[06-Aug-2025 10:04:54 UTC] Pricing plan status toggled: ID 3
[06-Aug-2025 10:04:54 UTC] Manage Pricing page accessed at 2025-08-06 10:04:54
[06-Aug-2025 10:04:54 UTC] Pricing data retrieved successfully
[06-Aug-2025 10:04:57 UTC] Manage Pricing page accessed at 2025-08-06 10:04:57
[06-Aug-2025 10:04:57 UTC] Pricing data retrieved successfully
[06-Aug-2025 10:04:59 UTC] Manage Pricing page accessed at 2025-08-06 10:04:59
[06-Aug-2025 10:04:59 UTC] Pricing plan status toggled: ID 3
[06-Aug-2025 10:04:59 UTC] Manage Pricing page accessed at 2025-08-06 10:04:59
[06-Aug-2025 10:04:59 UTC] Pricing data retrieved successfully
[06-Aug-2025 10:10:17 UTC] Manage Pricing page accessed at 2025-08-06 10:10:17
[06-Aug-2025 10:10:17 UTC] Pricing data retrieved successfully
[06-Aug-2025 10:11:15 UTC] Manage Pricing page accessed at 2025-08-06 10:11:15
[06-Aug-2025 10:11:15 UTC] Pricing data retrieved successfully
[06-Aug-2025 10:11:17 UTC] Manage Pricing page accessed at 2025-08-06 10:11:17
[06-Aug-2025 10:11:17 UTC] Pricing data retrieved successfully
[06-Aug-2025 10:11:20 UTC] Manage Pricing page accessed at 2025-08-06 10:11:20
[06-Aug-2025 10:11:20 UTC] Pricing data retrieved successfully
[06-Aug-2025 10:11:21 UTC] Manage Pricing page accessed at 2025-08-06 10:11:21
[06-Aug-2025 10:11:21 UTC] Pricing data retrieved successfully
[06-Aug-2025 10:15:16 UTC] Manage Pricing page accessed at 2025-08-06 10:15:16
[06-Aug-2025 10:15:16 UTC] Pricing data retrieved successfully
[06-Aug-2025 10:15:31 UTC] Manage Pricing page accessed at 2025-08-06 10:15:31
[06-Aug-2025 10:15:31 UTC] Pricing data retrieved successfully
[06-Aug-2025 10:20:19 UTC] Manage Pricing page accessed at 2025-08-06 10:20:19
[06-Aug-2025 10:20:19 UTC] Pricing data retrieved successfully
[06-Aug-2025 10:21:41 UTC] Manage Pricing page accessed at 2025-08-06 10:21:41
[06-Aug-2025 10:21:41 UTC] Pricing data retrieved successfully
[06-Aug-2025 10:21:42 UTC] Manage Pricing page accessed at 2025-08-06 10:21:42
[06-Aug-2025 10:21:42 UTC] Pricing plan status toggled: ID 1
[06-Aug-2025 10:21:42 UTC] Manage Pricing page accessed at 2025-08-06 10:21:42
[06-Aug-2025 10:21:42 UTC] Pricing data retrieved successfully
[06-Aug-2025 10:21:50 UTC] Manage Pricing page accessed at 2025-08-06 10:21:50
[06-Aug-2025 10:21:50 UTC] Pricing data retrieved successfully
[06-Aug-2025 10:21:51 UTC] Manage Pricing page accessed at 2025-08-06 10:21:51
[06-Aug-2025 10:21:51 UTC] Pricing plan status toggled: ID 1
[06-Aug-2025 10:21:51 UTC] Manage Pricing page accessed at 2025-08-06 10:21:51
[06-Aug-2025 10:21:51 UTC] Pricing data retrieved successfully
[06-Aug-2025 10:29:52 UTC] Manage Pricing page accessed at 2025-08-06 10:29:52
[06-Aug-2025 10:29:52 UTC] Pricing data retrieved successfully
[06-Aug-2025 10:30:08 UTC] Manage Pricing page accessed at 2025-08-06 10:30:08
[06-Aug-2025 10:30:08 UTC] Pricing data retrieved successfully
[07-Aug-2025 06:48:21 UTC] Manage Pricing page accessed at 2025-08-07 06:48:21
[07-Aug-2025 06:48:21 UTC] Pricing data retrieved successfully
[07-Aug-2025 06:49:39 UTC] Manage Pricing page accessed at 2025-08-07 06:49:39
[07-Aug-2025 06:49:39 UTC] Pricing data retrieved successfully
[07-Aug-2025 06:49:46 UTC] Manage Pricing page accessed at 2025-08-07 06:49:46
[07-Aug-2025 06:49:46 UTC] Pricing data retrieved successfully
[07-Aug-2025 06:49:57 UTC] Manage Pricing page accessed at 2025-08-07 06:49:57
[07-Aug-2025 06:49:57 UTC] Pricing data retrieved successfully
[07-Aug-2025 06:51:16 UTC] Manage Pricing page accessed at 2025-08-07 06:51:16
[07-Aug-2025 06:51:16 UTC] Pricing data retrieved successfully
[07-Aug-2025 06:51:27 UTC] Manage Pricing page accessed at 2025-08-07 06:51:27
[07-Aug-2025 06:51:27 UTC] Pricing data retrieved successfully
[07-Aug-2025 06:52:01 UTC] Manage Pricing page accessed at 2025-08-07 06:52:01
[07-Aug-2025 06:52:01 UTC] Pricing data retrieved successfully
[07-Aug-2025 06:52:11 UTC] Manage Pricing page accessed at 2025-08-07 06:52:11
[07-Aug-2025 06:52:11 UTC] Service pricing status toggled: ID 2
[07-Aug-2025 06:52:11 UTC] Manage Pricing page accessed at 2025-08-07 06:52:11
[07-Aug-2025 06:52:11 UTC] Pricing data retrieved successfully
[07-Aug-2025 06:52:18 UTC] Manage Pricing page accessed at 2025-08-07 06:52:18
[07-Aug-2025 06:52:18 UTC] Service pricing status toggled: ID 2
[07-Aug-2025 06:52:18 UTC] Manage Pricing page accessed at 2025-08-07 06:52:18
[07-Aug-2025 06:52:18 UTC] Pricing data retrieved successfully
[07-Aug-2025 06:52:22 UTC] Manage Pricing page accessed at 2025-08-07 06:52:22
[07-Aug-2025 06:52:22 UTC] Pricing plan popular status toggled: ID 3
[07-Aug-2025 06:52:22 UTC] Manage Pricing page accessed at 2025-08-07 06:52:22
[07-Aug-2025 06:52:22 UTC] Pricing data retrieved successfully
[07-Aug-2025 06:52:24 UTC] Manage Pricing page accessed at 2025-08-07 06:52:24
[07-Aug-2025 06:52:24 UTC] Pricing plan popular status toggled: ID 3
[07-Aug-2025 06:52:24 UTC] Manage Pricing page accessed at 2025-08-07 06:52:24
[07-Aug-2025 06:52:24 UTC] Pricing data retrieved successfully
[07-Aug-2025 06:52:43 UTC] Manage Pricing page accessed at 2025-08-07 06:52:43
[07-Aug-2025 06:52:43 UTC] Pricing data retrieved successfully
[07-Aug-2025 06:52:53 UTC] Manage Pricing page accessed at 2025-08-07 06:52:53
[07-Aug-2025 06:52:53 UTC] Service pricing deleted: ID 4
[07-Aug-2025 06:52:53 UTC] Manage Pricing page accessed at 2025-08-07 06:52:53
[07-Aug-2025 06:52:53 UTC] Pricing data retrieved successfully
[07-Aug-2025 06:53:02 UTC] Manage Pricing page accessed at 2025-08-07 06:53:02
[07-Aug-2025 06:53:02 UTC] Pricing data retrieved successfully
[07-Aug-2025 06:53:08 UTC] Manage Pricing page accessed at 2025-08-07 06:53:08
[07-Aug-2025 06:53:08 UTC] Pricing data retrieved successfully
[07-Aug-2025 06:53:18 UTC] Manage Pricing page accessed at 2025-08-07 06:53:18
[07-Aug-2025 06:53:18 UTC] Pricing plan deleted: ID 4
[07-Aug-2025 06:53:18 UTC] Manage Pricing page accessed at 2025-08-07 06:53:18
[07-Aug-2025 06:53:18 UTC] Pricing data retrieved successfully
[07-Aug-2025 07:17:26 UTC] Manage Pricing page accessed at 2025-08-07 07:17:26
[07-Aug-2025 07:17:26 UTC] Pricing data retrieved successfully
[07-Aug-2025 08:41:34 UTC] Manage Pricing page accessed at 2025-08-07 08:41:34
[07-Aug-2025 08:41:34 UTC] Pricing data retrieved successfully
[07-Aug-2025 08:45:14 UTC] Manage Pricing page accessed at 2025-08-07 08:45:14
[07-Aug-2025 08:45:14 UTC] Pricing data retrieved successfully
